This is pdfTeX, Version 3.14159265-2.6-1.40.17 (TeX Live 2016) (preloaded format=pdflatex 2016.9.27)  27 NOV 2016 19:13
entering extended mode
 restricted \write18 enabled.
 %&-line parsing enabled.
**openstreetmap.tex
(./openstreetmap.tex
LaTeX2e <2016/03/31>
Babel <3.9r> and hyphenation patterns for 83 language(s) loaded.
(/usr/local/texlive/2016/texmf-dist/tex/latex/base/report.cls
Document Class: report 2014/09/29 v1.4h Standard LaTeX document class
(/usr/local/texlive/2016/texmf-dist/tex/latex/base/size12.clo
File: size12.clo 2014/09/29 v1.4h Standard LaTeX file (size option)
)
\c@part=\count79
\c@chapter=\count80
\c@section=\count81
\c@subsection=\count82
\c@subsubsection=\count83
\c@paragraph=\count84
\c@subparagraph=\count85
\c@figure=\count86
\c@table=\count87
\abovecaptionskip=\skip41
\belowcaptionskip=\skip42
\bibindent=\dimen102
)
(/usr/local/texlive/2016/texmf-dist/tex/latex/base/inputenc.sty
Package: inputenc 2015/03/17 v1.2c Input encoding file
\inpenc@prehook=\toks14
\inpenc@posthook=\toks15

(/usr/local/texlive/2016/texmf-dist/tex/latex/base/utf8.def
File: utf8.def 2016/02/28 v1.1s UTF-8 support for inputenc
Now handling font encoding OML ...
... no UTF-8 mapping file for font encoding OML
Now handling font encoding T1 ...
... processing UTF-8 mapping file for font encoding T1

(/usr/local/texlive/2016/texmf-dist/tex/latex/base/t1enc.dfu
File: t1enc.dfu 2016/02/28 v1.1s UTF-8 support for inputenc
   defining Unicode char U+00A0 (decimal 160)
   defining Unicode char U+00A1 (decimal 161)
   defining Unicode char U+00A3 (decimal 163)
   defining Unicode char U+00AB (decimal 171)
   defining Unicode char U+00AD (decimal 173)
   defining Unicode char U+00BB (decimal 187)
   defining Unicode char U+00BF (decimal 191)
   defining Unicode char U+00C0 (decimal 192)
   defining Unicode char U+00C1 (decimal 193)
   defining Unicode char U+00C2 (decimal 194)
   defining Unicode char U+00C3 (decimal 195)
   defining Unicode char U+00C4 (decimal 196)
   defining Unicode char U+00C5 (decimal 197)
   defining Unicode char U+00C6 (decimal 198)
   defining Unicode char U+00C7 (decimal 199)
   defining Unicode char U+00C8 (decimal 200)
   defining Unicode char U+00C9 (decimal 201)
   defining Unicode char U+00CA (decimal 202)
   defining Unicode char U+00CB (decimal 203)
   defining Unicode char U+00CC (decimal 204)
   defining Unicode char U+00CD (decimal 205)
   defining Unicode char U+00CE (decimal 206)
   defining Unicode char U+00CF (decimal 207)
   defining Unicode char U+00D0 (decimal 208)
   defining Unicode char U+00D1 (decimal 209)
   defining Unicode char U+00D2 (decimal 210)
   defining Unicode char U+00D3 (decimal 211)
   defining Unicode char U+00D4 (decimal 212)
   defining Unicode char U+00D5 (decimal 213)
   defining Unicode char U+00D6 (decimal 214)
   defining Unicode char U+00D8 (decimal 216)
   defining Unicode char U+00D9 (decimal 217)
   defining Unicode char U+00DA (decimal 218)
   defining Unicode char U+00DB (decimal 219)
   defining Unicode char U+00DC (decimal 220)
   defining Unicode char U+00DD (decimal 221)
   defining Unicode char U+00DE (decimal 222)
   defining Unicode char U+00DF (decimal 223)
   defining Unicode char U+00E0 (decimal 224)
   defining Unicode char U+00E1 (decimal 225)
   defining Unicode char U+00E2 (decimal 226)
   defining Unicode char U+00E3 (decimal 227)
   defining Unicode char U+00E4 (decimal 228)
   defining Unicode char U+00E5 (decimal 229)
   defining Unicode char U+00E6 (decimal 230)
   defining Unicode char U+00E7 (decimal 231)
   defining Unicode char U+00E8 (decimal 232)
   defining Unicode char U+00E9 (decimal 233)
   defining Unicode char U+00EA (decimal 234)
   defining Unicode char U+00EB (decimal 235)
   defining Unicode char U+00EC (decimal 236)
   defining Unicode char U+00ED (decimal 237)
   defining Unicode char U+00EE (decimal 238)
   defining Unicode char U+00EF (decimal 239)
   defining Unicode char U+00F0 (decimal 240)
   defining Unicode char U+00F1 (decimal 241)
   defining Unicode char U+00F2 (decimal 242)
   defining Unicode char U+00F3 (decimal 243)
   defining Unicode char U+00F4 (decimal 244)
   defining Unicode char U+00F5 (decimal 245)
   defining Unicode char U+00F6 (decimal 246)
   defining Unicode char U+00F8 (decimal 248)
   defining Unicode char U+00F9 (decimal 249)
   defining Unicode char U+00FA (decimal 250)
   defining Unicode char U+00FB (decimal 251)
   defining Unicode char U+00FC (decimal 252)
   defining Unicode char U+00FD (decimal 253)
   defining Unicode char U+00FE (decimal 254)
   defining Unicode char U+00FF (decimal 255)
   defining Unicode char U+0100 (decimal 256)
   defining Unicode char U+0101 (decimal 257)
   defining Unicode char U+0102 (decimal 258)
   defining Unicode char U+0103 (decimal 259)
   defining Unicode char U+0104 (decimal 260)
   defining Unicode char U+0105 (decimal 261)
   defining Unicode char U+0106 (decimal 262)
   defining Unicode char U+0107 (decimal 263)
   defining Unicode char U+0108 (decimal 264)
   defining Unicode char U+0109 (decimal 265)
   defining Unicode char U+010A (decimal 266)
   defining Unicode char U+010B (decimal 267)
   defining Unicode char U+010C (decimal 268)
   defining Unicode char U+010D (decimal 269)
   defining Unicode char U+010E (decimal 270)
   defining Unicode char U+010F (decimal 271)
   defining Unicode char U+0110 (decimal 272)
   defining Unicode char U+0111 (decimal 273)
   defining Unicode char U+0112 (decimal 274)
   defining Unicode char U+0113 (decimal 275)
   defining Unicode char U+0114 (decimal 276)
   defining Unicode char U+0115 (decimal 277)
   defining Unicode char U+0116 (decimal 278)
   defining Unicode char U+0117 (decimal 279)
   defining Unicode char U+0118 (decimal 280)
   defining Unicode char U+0119 (decimal 281)
   defining Unicode char U+011A (decimal 282)
   defining Unicode char U+011B (decimal 283)
   defining Unicode char U+011C (decimal 284)
   defining Unicode char U+011D (decimal 285)
   defining Unicode char U+011E (decimal 286)
   defining Unicode char U+011F (decimal 287)
   defining Unicode char U+0120 (decimal 288)
   defining Unicode char U+0121 (decimal 289)
   defining Unicode char U+0122 (decimal 290)
   defining Unicode char U+0123 (decimal 291)
   defining Unicode char U+0124 (decimal 292)
   defining Unicode char U+0125 (decimal 293)
   defining Unicode char U+0128 (decimal 296)
   defining Unicode char U+0129 (decimal 297)
   defining Unicode char U+012A (decimal 298)
   defining Unicode char U+012B (decimal 299)
   defining Unicode char U+012C (decimal 300)
   defining Unicode char U+012D (decimal 301)
   defining Unicode char U+012E (decimal 302)
   defining Unicode char U+012F (decimal 303)
   defining Unicode char U+0130 (decimal 304)
   defining Unicode char U+0131 (decimal 305)
   defining Unicode char U+0132 (decimal 306)
   defining Unicode char U+0133 (decimal 307)
   defining Unicode char U+0134 (decimal 308)
   defining Unicode char U+0135 (decimal 309)
   defining Unicode char U+0136 (decimal 310)
   defining Unicode char U+0137 (decimal 311)
   defining Unicode char U+0139 (decimal 313)
   defining Unicode char U+013A (decimal 314)
   defining Unicode char U+013B (decimal 315)
   defining Unicode char U+013C (decimal 316)
   defining Unicode char U+013D (decimal 317)
   defining Unicode char U+013E (decimal 318)
   defining Unicode char U+0141 (decimal 321)
   defining Unicode char U+0142 (decimal 322)
   defining Unicode char U+0143 (decimal 323)
   defining Unicode char U+0144 (decimal 324)
   defining Unicode char U+0145 (decimal 325)
   defining Unicode char U+0146 (decimal 326)
   defining Unicode char U+0147 (decimal 327)
   defining Unicode char U+0148 (decimal 328)
   defining Unicode char U+014A (decimal 330)
   defining Unicode char U+014B (decimal 331)
   defining Unicode char U+014C (decimal 332)
   defining Unicode char U+014D (decimal 333)
   defining Unicode char U+014E (decimal 334)
   defining Unicode char U+014F (decimal 335)
   defining Unicode char U+0150 (decimal 336)
   defining Unicode char U+0151 (decimal 337)
   defining Unicode char U+0152 (decimal 338)
   defining Unicode char U+0153 (decimal 339)
   defining Unicode char U+0154 (decimal 340)
   defining Unicode char U+0155 (decimal 341)
   defining Unicode char U+0156 (decimal 342)
   defining Unicode char U+0157 (decimal 343)
   defining Unicode char U+0158 (decimal 344)
   defining Unicode char U+0159 (decimal 345)
   defining Unicode char U+015A (decimal 346)
   defining Unicode char U+015B (decimal 347)
   defining Unicode char U+015C (decimal 348)
   defining Unicode char U+015D (decimal 349)
   defining Unicode char U+015E (decimal 350)
   defining Unicode char U+015F (decimal 351)
   defining Unicode char U+0160 (decimal 352)
   defining Unicode char U+0161 (decimal 353)
   defining Unicode char U+0162 (decimal 354)
   defining Unicode char U+0163 (decimal 355)
   defining Unicode char U+0164 (decimal 356)
   defining Unicode char U+0165 (decimal 357)
   defining Unicode char U+0168 (decimal 360)
   defining Unicode char U+0169 (decimal 361)
   defining Unicode char U+016A (decimal 362)
   defining Unicode char U+016B (decimal 363)
   defining Unicode char U+016C (decimal 364)
   defining Unicode char U+016D (decimal 365)
   defining Unicode char U+016E (decimal 366)
   defining Unicode char U+016F (decimal 367)
   defining Unicode char U+0170 (decimal 368)
   defining Unicode char U+0171 (decimal 369)
   defining Unicode char U+0172 (decimal 370)
   defining Unicode char U+0173 (decimal 371)
   defining Unicode char U+0174 (decimal 372)
   defining Unicode char U+0175 (decimal 373)
   defining Unicode char U+0176 (decimal 374)
   defining Unicode char U+0177 (decimal 375)
   defining Unicode char U+0178 (decimal 376)
   defining Unicode char U+0179 (decimal 377)
   defining Unicode char U+017A (decimal 378)
   defining Unicode char U+017B (decimal 379)
   defining Unicode char U+017C (decimal 380)
   defining Unicode char U+017D (decimal 381)
   defining Unicode char U+017E (decimal 382)
   defining Unicode char U+01CD (decimal 461)
   defining Unicode char U+01CE (decimal 462)
   defining Unicode char U+01CF (decimal 463)
   defining Unicode char U+01D0 (decimal 464)
   defining Unicode char U+01D1 (decimal 465)
   defining Unicode char U+01D2 (decimal 466)
   defining Unicode char U+01D3 (decimal 467)
   defining Unicode char U+01D4 (decimal 468)
   defining Unicode char U+01E2 (decimal 482)
   defining Unicode char U+01E3 (decimal 483)
   defining Unicode char U+01E6 (decimal 486)
   defining Unicode char U+01E7 (decimal 487)
   defining Unicode char U+01E8 (decimal 488)
   defining Unicode char U+01E9 (decimal 489)
   defining Unicode char U+01EA (decimal 490)
   defining Unicode char U+01EB (decimal 491)
   defining Unicode char U+01F0 (decimal 496)
   defining Unicode char U+01F4 (decimal 500)
   defining Unicode char U+01F5 (decimal 501)
   defining Unicode char U+0218 (decimal 536)
   defining Unicode char U+0219 (decimal 537)
   defining Unicode char U+021A (decimal 538)
   defining Unicode char U+021B (decimal 539)
   defining Unicode char U+1E02 (decimal 7682)
   defining Unicode char U+1E03 (decimal 7683)
   defining Unicode char U+200C (decimal 8204)
   defining Unicode char U+2010 (decimal 8208)
   defining Unicode char U+2011 (decimal 8209)
   defining Unicode char U+2012 (decimal 8210)
   defining Unicode char U+2013 (decimal 8211)
   defining Unicode char U+2014 (decimal 8212)
   defining Unicode char U+2015 (decimal 8213)
   defining Unicode char U+2018 (decimal 8216)
   defining Unicode char U+2019 (decimal 8217)
   defining Unicode char U+201A (decimal 8218)
   defining Unicode char U+201C (decimal 8220)
   defining Unicode char U+201D (decimal 8221)
   defining Unicode char U+201E (decimal 8222)
   defining Unicode char U+2030 (decimal 8240)
   defining Unicode char U+2031 (decimal 8241)
   defining Unicode char U+2039 (decimal 8249)
   defining Unicode char U+203A (decimal 8250)
   defining Unicode char U+2423 (decimal 9251)
)
Now handling font encoding OT1 ...
... processing UTF-8 mapping file for font encoding OT1

(/usr/local/texlive/2016/texmf-dist/tex/latex/base/ot1enc.dfu
File: ot1enc.dfu 2016/02/28 v1.1s UTF-8 support for inputenc
   defining Unicode char U+00A0 (decimal 160)
   defining Unicode char U+00A1 (decimal 161)
   defining Unicode char U+00A3 (decimal 163)
   defining Unicode char U+00AD (decimal 173)
   defining Unicode char U+00B8 (decimal 184)
   defining Unicode char U+00BF (decimal 191)
   defining Unicode char U+00C5 (decimal 197)
   defining Unicode char U+00C6 (decimal 198)
   defining Unicode char U+00D8 (decimal 216)
   defining Unicode char U+00DF (decimal 223)
   defining Unicode char U+00E6 (decimal 230)
   defining Unicode char U+00EC (decimal 236)
   defining Unicode char U+00ED (decimal 237)
   defining Unicode char U+00EE (decimal 238)
   defining Unicode char U+00EF (decimal 239)
   defining Unicode char U+00F8 (decimal 248)
   defining Unicode char U+0131 (decimal 305)
   defining Unicode char U+0141 (decimal 321)
   defining Unicode char U+0142 (decimal 322)
   defining Unicode char U+0152 (decimal 338)
   defining Unicode char U+0153 (decimal 339)
   defining Unicode char U+0174 (decimal 372)
   defining Unicode char U+0175 (decimal 373)
   defining Unicode char U+0176 (decimal 374)
   defining Unicode char U+0177 (decimal 375)
   defining Unicode char U+0218 (decimal 536)
   defining Unicode char U+0219 (decimal 537)
   defining Unicode char U+021A (decimal 538)
   defining Unicode char U+021B (decimal 539)
   defining Unicode char U+2013 (decimal 8211)
   defining Unicode char U+2014 (decimal 8212)
   defining Unicode char U+2018 (decimal 8216)
   defining Unicode char U+2019 (decimal 8217)
   defining Unicode char U+201C (decimal 8220)
   defining Unicode char U+201D (decimal 8221)
)
Now handling font encoding OMS ...
... processing UTF-8 mapping file for font encoding OMS

(/usr/local/texlive/2016/texmf-dist/tex/latex/base/omsenc.dfu
File: omsenc.dfu 2016/02/28 v1.1s UTF-8 support for inputenc
   defining Unicode char U+00A7 (decimal 167)
   defining Unicode char U+00B6 (decimal 182)
   defining Unicode char U+00B7 (decimal 183)
   defining Unicode char U+2020 (decimal 8224)
   defining Unicode char U+2021 (decimal 8225)
   defining Unicode char U+2022 (decimal 8226)
)
Now handling font encoding OMX ...
... no UTF-8 mapping file for font encoding OMX
Now handling font encoding U ...
... no UTF-8 mapping file for font encoding U
   defining Unicode char U+00A9 (decimal 169)
   defining Unicode char U+00AA (decimal 170)
   defining Unicode char U+00AE (decimal 174)
   defining Unicode char U+00BA (decimal 186)
   defining Unicode char U+02C6 (decimal 710)
   defining Unicode char U+02DC (decimal 732)
   defining Unicode char U+200C (decimal 8204)
   defining Unicode char U+2026 (decimal 8230)
   defining Unicode char U+2122 (decimal 8482)
   defining Unicode char U+2423 (decimal 9251)
))
(/usr/local/texlive/2016/texmf-dist/tex/latex/geometry/geometry.sty
Package: geometry 2010/09/12 v5.6 Page Geometry

(/usr/local/texlive/2016/texmf-dist/tex/latex/graphics/keyval.sty
Package: keyval 2014/10/28 v1.15 key=value parser (DPC)
\KV@toks@=\toks16
)
(/usr/local/texlive/2016/texmf-dist/tex/generic/oberdiek/ifpdf.sty
Package: ifpdf 2016/05/14 v3.1 Provides the ifpdf switch
)
(/usr/local/texlive/2016/texmf-dist/tex/generic/oberdiek/ifvtex.sty
Package: ifvtex 2016/05/16 v1.6 Detect VTeX and its facilities (HO)
Package ifvtex Info: VTeX not detected.
)
(/usr/local/texlive/2016/texmf-dist/tex/generic/ifxetex/ifxetex.sty
Package: ifxetex 2010/09/12 v0.6 Provides ifxetex conditional
)
\Gm@cnth=\count88
\Gm@cntv=\count89
\c@Gm@tempcnt=\count90
\Gm@bindingoffset=\dimen103
\Gm@wd@mp=\dimen104
\Gm@odd@mp=\dimen105
\Gm@even@mp=\dimen106
\Gm@layoutwidth=\dimen107
\Gm@layoutheight=\dimen108
\Gm@layouthoffset=\dimen109
\Gm@layoutvoffset=\dimen110
\Gm@dimlist=\toks17
)
(/usr/local/texlive/2016/texmf-dist/tex/latex/parskip/parskip.sty
Package: parskip 2001/04/09 non-zero parskip adjustments
)
(/usr/local/texlive/2016/texmf-dist/tex/latex/hyphenat/hyphenat.sty
Package: hyphenat 2009/09/02 v2.3c hyphenation utilities
\langwohyphens=\language83
LaTeX Info: Redefining \_ on input line 43.
)
(/usr/local/texlive/2016/texmf-dist/tex/latex/tools/array.sty
Package: array 2014/10/28 v2.4c Tabular extension package (FMi)
\col@sep=\dimen111
\extrarowheight=\dimen112
\NC@list=\toks18
\extratabsurround=\skip43
\backup@length=\skip44
)
(/usr/local/texlive/2016/texmf-dist/tex/latex/graphics/graphicx.sty
Package: graphicx 2014/10/28 v1.0g Enhanced LaTeX Graphics (DPC,SPQR)

(/usr/local/texlive/2016/texmf-dist/tex/latex/graphics/graphics.sty
Package: graphics 2016/05/09 v1.0r Standard LaTeX Graphics (DPC,SPQR)

(/usr/local/texlive/2016/texmf-dist/tex/latex/graphics/trig.sty
Package: trig 2016/01/03 v1.10 sin cos tan (DPC)
)
(/usr/local/texlive/2016/texmf-dist/tex/latex/graphics-cfg/graphics.cfg
File: graphics.cfg 2016/01/02 v1.10 sample graphics configuration
)
Package graphics Info: Driver file: pdftex.def on input line 96.

(/usr/local/texlive/2016/texmf-dist/tex/latex/pdftex-def/pdftex.def
File: pdftex.def 2011/05/27 v0.06d Graphics/color for pdfTeX

(/usr/local/texlive/2016/texmf-dist/tex/generic/oberdiek/infwarerr.sty
Package: infwarerr 2016/05/16 v1.4 Providing info/warning/error messages (HO)
)
(/usr/local/texlive/2016/texmf-dist/tex/generic/oberdiek/ltxcmds.sty
Package: ltxcmds 2016/05/16 v1.23 LaTeX kernel commands for general use (HO)
)
\Gread@gobject=\count91
))
\Gin@req@height=\dimen113
\Gin@req@width=\dimen114
)
(/usr/local/texlive/2016/texmf-dist/tex/latex/float/float.sty
Package: float 2001/11/08 v1.3d Float enhancements (AL)
\c@float@type=\count92
\float@exts=\toks19
\float@box=\box26
\@float@everytoks=\toks20
\@floatcapt=\box27
)
(/usr/local/texlive/2016/texmf-dist/tex/latex/hyperref/hyperref.sty
Package: hyperref 2016/05/05 v6.83n Hypertext links for LaTeX

(/usr/local/texlive/2016/texmf-dist/tex/generic/oberdiek/hobsub-hyperref.sty
Package: hobsub-hyperref 2016/05/16 v1.14 Bundle oberdiek, subset hyperref (HO)


(/usr/local/texlive/2016/texmf-dist/tex/generic/oberdiek/hobsub-generic.sty
Package: hobsub-generic 2016/05/16 v1.14 Bundle oberdiek, subset generic (HO)
Package: hobsub 2016/05/16 v1.14 Construct package bundles (HO)
Package hobsub Info: Skipping package `infwarerr' (already loaded).
Package hobsub Info: Skipping package `ltxcmds' (already loaded).
Package: ifluatex 2016/05/16 v1.4 Provides the ifluatex switch (HO)
Package ifluatex Info: LuaTeX not detected.
Package hobsub Info: Skipping package `ifvtex' (already loaded).
Package: intcalc 2016/05/16 v1.2 Expandable calculations with integers (HO)
Package hobsub Info: Skipping package `ifpdf' (already loaded).
Package: etexcmds 2016/05/16 v1.6 Avoid name clashes with e-TeX commands (HO)
Package etexcmds Info: Could not find \expanded.
(etexcmds)             That can mean that you are not using pdfTeX 1.50 or
(etexcmds)             that some package has redefined \expanded.
(etexcmds)             In the latter case, load this package earlier.
Package: kvsetkeys 2016/05/16 v1.17 Key value parser (HO)
Package: kvdefinekeys 2016/05/16 v1.4 Define keys (HO)
Package: pdftexcmds 2016/05/10 v0.21 Utility functions of pdfTeX for LuaTeX (HO
)
Package pdftexcmds Info: LuaTeX not detected.
Package pdftexcmds Info: \pdf@primitive is available.
Package pdftexcmds Info: \pdf@ifprimitive is available.
Package pdftexcmds Info: \pdfdraftmode found.
Package: pdfescape 2016/05/16 v1.14 Implements pdfTeX's escape features (HO)
Package: bigintcalc 2016/05/16 v1.4 Expandable calculations on big integers (HO
)
Package: bitset 2016/05/16 v1.2 Handle bit-vector datatype (HO)
Package: uniquecounter 2016/05/16 v1.3 Provide unlimited unique counter (HO)
)
Package hobsub Info: Skipping package `hobsub' (already loaded).
Package: letltxmacro 2016/05/16 v1.5 Let assignment for LaTeX macros (HO)
Package: hopatch 2016/05/16 v1.3 Wrapper for package hooks (HO)
Package: xcolor-patch 2016/05/16 xcolor patch
Package: atveryend 2016/05/16 v1.9 Hooks at the very end of document (HO)
Package atveryend Info: \enddocument detected (standard20110627).
Package: atbegshi 2016/05/16 v1.17 At begin shipout hook (HO)
Package: refcount 2016/05/16 v3.5 Data extraction from label references (HO)
Package: hycolor 2016/05/16 v1.8 Color options for hyperref/bookmark (HO)
)
(/usr/local/texlive/2016/texmf-dist/tex/latex/oberdiek/auxhook.sty
Package: auxhook 2016/05/16 v1.4 Hooks for auxiliary files (HO)
)
(/usr/local/texlive/2016/texmf-dist/tex/latex/oberdiek/kvoptions.sty
Package: kvoptions 2016/05/16 v3.12 Key value format for package options (HO)
)
\@linkdim=\dimen115
\Hy@linkcounter=\count93
\Hy@pagecounter=\count94

(/usr/local/texlive/2016/texmf-dist/tex/latex/hyperref/pd1enc.def
File: pd1enc.def 2016/05/05 v6.83n Hyperref: PDFDocEncoding definition (HO)
Now handling font encoding PD1 ...
... no UTF-8 mapping file for font encoding PD1
)
\Hy@SavedSpaceFactor=\count95

(/usr/local/texlive/2016/texmf-dist/tex/latex/latexconfig/hyperref.cfg
File: hyperref.cfg 2002/06/06 v1.2 hyperref configuration of TeXLive
)
Package hyperref Info: Hyper figures OFF on input line 4446.
Package hyperref Info: Link nesting OFF on input line 4451.
Package hyperref Info: Hyper index ON on input line 4454.
Package hyperref Info: Plain pages OFF on input line 4461.
Package hyperref Info: Backreferencing OFF on input line 4466.
Package hyperref Info: Implicit mode ON; LaTeX internals redefined.
Package hyperref Info: Bookmarks ON on input line 4691.
\c@Hy@tempcnt=\count96

(/usr/local/texlive/2016/texmf-dist/tex/latex/url/url.sty
\Urlmuskip=\muskip10
Package: url 2013/09/16  ver 3.4  Verb mode for urls, etc.
)
LaTeX Info: Redefining \url on input line 5044.
\XeTeXLinkMargin=\dimen116
\Fld@menulength=\count97
\Field@Width=\dimen117
\Fld@charsize=\dimen118
Package hyperref Info: Hyper figures OFF on input line 6298.
Package hyperref Info: Link nesting OFF on input line 6303.
Package hyperref Info: Hyper index ON on input line 6306.
Package hyperref Info: backreferencing OFF on input line 6313.
Package hyperref Info: Link coloring OFF on input line 6318.
Package hyperref Info: Link coloring with OCG OFF on input line 6323.
Package hyperref Info: PDF/A mode OFF on input line 6328.
LaTeX Info: Redefining \ref on input line 6368.
LaTeX Info: Redefining \pageref on input line 6372.
\Hy@abspage=\count98
\c@Item=\count99
\c@Hfootnote=\count100
)

Package hyperref Message: Driver (autodetected): hpdftex.

(/usr/local/texlive/2016/texmf-dist/tex/latex/hyperref/hpdftex.def
File: hpdftex.def 2016/05/05 v6.83n Hyperref driver for pdfTeX
\Fld@listcount=\count101
\c@bookmark@seq@number=\count102

(/usr/local/texlive/2016/texmf-dist/tex/latex/oberdiek/rerunfilecheck.sty
Package: rerunfilecheck 2016/05/16 v1.8 Rerun checks for auxiliary files (HO)
Package uniquecounter Info: New unique counter `rerunfilecheck' on input line 2
82.
)
\Hy@SectionHShift=\skip45
)
(/usr/local/texlive/2016/texmf-dist/tex/latex/amsfonts/amssymb.sty
Package: amssymb 2013/01/14 v3.01 AMS font symbols

(/usr/local/texlive/2016/texmf-dist/tex/latex/amsfonts/amsfonts.sty
Package: amsfonts 2013/01/14 v3.01 Basic AMSFonts support
\@emptytoks=\toks21
\symAMSa=\mathgroup4
\symAMSb=\mathgroup5
LaTeX Font Info:    Overwriting math alphabet `\mathfrak' in version `bold'
(Font)                  U/euf/m/n --> U/euf/b/n on input line 106.
))
(/usr/local/texlive/2016/texmf-dist/tex/latex/listings/listings.sty
\lst@mode=\count103
\lst@gtempboxa=\box28
\lst@token=\toks22
\lst@length=\count104
\lst@currlwidth=\dimen119
\lst@column=\count105
\lst@pos=\count106
\lst@lostspace=\dimen120
\lst@width=\dimen121
\lst@newlines=\count107
\lst@lineno=\count108
\lst@maxwidth=\dimen122

(/usr/local/texlive/2016/texmf-dist/tex/latex/listings/lstmisc.sty
File: lstmisc.sty 2015/06/04 1.6 (Carsten Heinz)
\c@lstnumber=\count109
\lst@skipnumbers=\count110
\lst@framebox=\box29
)
(/usr/local/texlive/2016/texmf-dist/tex/latex/listings/listings.cfg
File: listings.cfg 2015/06/04 1.6 listings configuration
))
Package: listings 2015/06/04 1.6 (Carsten Heinz)

(/usr/local/texlive/2016/texmf-dist/tex/latex/base/fontenc.sty
Package: fontenc 2005/09/27 v1.99g Standard LaTeX package

(/usr/local/texlive/2016/texmf-dist/tex/latex/base/t1enc.def
File: t1enc.def 2005/09/27 v1.99g Standard LaTeX file
LaTeX Font Info:    Redeclaring font encoding T1 on input line 48.
))
(/usr/local/texlive/2016/texmf-dist/tex/latex/titlesec/titlesec.sty
Package: titlesec 2016/03/21 v2.10.2 Sectioning titles
\ttl@box=\box30
\beforetitleunit=\skip46
\aftertitleunit=\skip47
\ttl@plus=\dimen123
\ttl@minus=\dimen124
\ttl@toksa=\toks23
\titlewidth=\dimen125
\titlewidthlast=\dimen126
\titlewidthfirst=\dimen127
)
(/usr/local/texlive/2016/texmf-dist/tex/latex/blindtext/blindtext.sty
Package: blindtext 2012/01/06 V2.0 blindtext-Package

(/usr/local/texlive/2016/texmf-dist/tex/latex/tools/xspace.sty
Package: xspace 2014/10/28 v1.13 Space after command names (DPC,MH)
)
\c@blindtext=\count111
\c@Blindtext=\count112
\c@blind@countparstart=\count113
\blind@countxx=\count114
\blindtext@numBlindtext=\count115
\blind@countyy=\count116
\c@blindlist=\count117
\c@blindlistlevel=\count118
\c@blindlist@level=\count119
\blind@listitem=\count120
\c@blind@listcount=\count121
\c@blind@levelcount=\count122
\blind@mathformula=\count123
\blind@Mathformula=\count124
\c@blind@randomcount=\count125
\c@blind@randommax=\count126
\c@blind@pangramcount=\count127
\c@blind@pangrammax=\count128
)
(/usr/local/texlive/2016/texmf-dist/tex/latex/graphics/color.sty
Package: color 2016/05/09 v1.1c Standard LaTeX Color (DPC)

(/usr/local/texlive/2016/texmf-dist/tex/latex/graphics-cfg/color.cfg
File: color.cfg 2016/01/02 v1.6 sample color configuration
)
Package color Info: Driver file: pdftex.def on input line 144.
)
(./openstreetmap.aux)
\openout1 = `openstreetmap.aux'.

LaTeX Font Info:    Checking defaults for OML/cmm/m/it on input line 44.
LaTeX Font Info:    ... okay on input line 44.
LaTeX Font Info:    Checking defaults for T1/cmr/m/n on input line 44.
LaTeX Font Info:    ... okay on input line 44.
LaTeX Font Info:    Checking defaults for OT1/cmr/m/n on input line 44.
LaTeX Font Info:    ... okay on input line 44.
LaTeX Font Info:    Checking defaults for OMS/cmsy/m/n on input line 44.
LaTeX Font Info:    ... okay on input line 44.
LaTeX Font Info:    Checking defaults for OMX/cmex/m/n on input line 44.
LaTeX Font Info:    ... okay on input line 44.
LaTeX Font Info:    Checking defaults for U/cmr/m/n on input line 44.
LaTeX Font Info:    ... okay on input line 44.
LaTeX Font Info:    Checking defaults for PD1/pdf/m/n on input line 44.
LaTeX Font Info:    ... okay on input line 44.

*geometry* driver: auto-detecting
*geometry* detected driver: pdftex
*geometry* verbose mode - [ preamble ] result:
* driver: pdftex
* paper: letterpaper
* layout: <same size as paper>
* layoutoffset:(h,v)=(0.0pt,0.0pt)
* modes: 
* h-part:(L,W,R)=(92.14519pt, 430.00462pt, 92.14519pt)
* v-part:(T,H,B)=(95.39737pt, 556.47656pt, 143.09605pt)
* \paperwidth=614.295pt
* \paperheight=794.96999pt
* \textwidth=430.00462pt
* \textheight=556.47656pt
* \oddsidemargin=19.8752pt
* \evensidemargin=19.8752pt
* \topmargin=-13.87262pt
* \headheight=12.0pt
* \headsep=25.0pt
* \topskip=12.0pt
* \footskip=30.0pt
* \marginparwidth=35.0pt
* \marginparsep=10.0pt
* \columnsep=10.0pt
* \skip\footins=10.8pt plus 4.0pt minus 2.0pt
* \hoffset=0.0pt
* \voffset=0.0pt
* \mag=1000
* \@twocolumnfalse
* \@twosidefalse
* \@mparswitchfalse
* \@reversemarginfalse
* (1in=72.27pt=25.4mm, 1cm=28.453pt)

(/usr/local/texlive/2016/texmf-dist/tex/context/base/mkii/supp-pdf.mkii
[Loading MPS to PDF converter (version 2006.09.02).]
\scratchcounter=\count129
\scratchdimen=\dimen128
\scratchbox=\box31
\nofMPsegments=\count130
\nofMParguments=\count131
\everyMPshowfont=\toks24
\MPscratchCnt=\count132
\MPscratchDim=\dimen129
\MPnumerator=\count133
\makeMPintoPDFobject=\count134
\everyMPtoPDFconversion=\toks25
) (/usr/local/texlive/2016/texmf-dist/tex/latex/oberdiek/epstopdf-base.sty
Package: epstopdf-base 2016/05/15 v2.6 Base part for package epstopdf

(/usr/local/texlive/2016/texmf-dist/tex/latex/oberdiek/grfext.sty
Package: grfext 2016/05/16 v1.2 Manage graphics extensions (HO)
)
Package grfext Info: Graphics extension search list:
(grfext)             [.png,.pdf,.jpg,.mps,.jpeg,.jbig2,.jb2,.PNG,.PDF,.JPG,.JPE
G,.JBIG2,.JB2,.eps]
(grfext)             \AppendGraphicsExtensions on input line 456.

(/usr/local/texlive/2016/texmf-dist/tex/latex/latexconfig/epstopdf-sys.cfg
File: epstopdf-sys.cfg 2010/07/13 v1.3 Configuration of (r)epstopdf for TeX Liv
e
))
\AtBeginShipoutBox=\box32
Package hyperref Info: Link coloring OFF on input line 44.

(/usr/local/texlive/2016/texmf-dist/tex/latex/hyperref/nameref.sty
Package: nameref 2012/10/27 v2.43 Cross-referencing by name of section

(/usr/local/texlive/2016/texmf-dist/tex/generic/oberdiek/gettitlestring.sty
Package: gettitlestring 2016/05/16 v1.5 Cleanup title references (HO)
)
\c@section@level=\count135
)
LaTeX Info: Redefining \ref on input line 44.
LaTeX Info: Redefining \pageref on input line 44.
LaTeX Info: Redefining \nameref on input line 44.

(./openstreetmap.out) (./openstreetmap.out)
\@outlinefile=\write3
\openout3 = `openstreetmap.out'.

\c@lstlisting=\count136
 (./tableofcontent.tex
LaTeX Font Info:    Try loading font information for U+msa on input line 5.

(/usr/local/texlive/2016/texmf-dist/tex/latex/amsfonts/umsa.fd
File: umsa.fd 2013/01/14 v3.01 AMS symbols A
)
LaTeX Font Info:    Try loading font information for U+msb on input line 5.

(/usr/local/texlive/2016/texmf-dist/tex/latex/amsfonts/umsb.fd
File: umsb.fd 2013/01/14 v3.01 AMS symbols B
) [1

{/usr/local/texlive/2016/texmf-var/fonts/map/pdftex/updmap/pdftex.map}] (./open
streetmap.tocpdfTeX warning (ext4): destination with the same identifier (name{
page.i}) has been already used, duplicate ignored
<to be read again> 
                   \relax 
l.25 ...ing FKB into OpenStreetMap}{38}{chapter.7}
                                                   [1

])
\tf@toc=\write4
\openout4 = `openstreetmap.toc'.

 [2]
(./openstreetmap.lof
Overfull \hbox (44.47543pt too wide) in paragraph at lines 13--13
 [][] [][]\T1/cmr/m/n/12 Roof edge (red), roof over-hang (blue) and ve-randa (t
urquoise) [[]][] [][]  
 []


Overfull \hbox (16.9264pt too wide) in paragraph at lines 17--17
 [][] [][]\T1/cmr/m/n/12 Project 2 0- South-east - LABuild-ings Im-port, source
: labuild-ingsim-port.com[] [][]  
 []

)
\tf@lof=\write5
\openout5 = `openstreetmap.lof'.

pdfTeX warning (ext4): destination with the same identifier (name{page.i}) has 
been already used, duplicate ignored
<to be read again> 
                   \relax 
l.15 \cleardoublepage
                      [1


]) [1

]
Chapter 1.

Underfull \hbox (badness 10000) in paragraph at lines 61--66

 []

[2

]
Chapter 2.
<figures/FixedByMe/3DmodellTRD.png, id=221, 475.7775pt x 313.17pt>
File: figures/FixedByMe/3DmodellTRD.png Graphic file (type png)

<use figures/FixedByMe/3DmodellTRD.png>
Package pdftex.def Info: figures/FixedByMe/3DmodellTRD.png used on input line 8
1.
(pdftex.def)             Requested size: 190.30762pt x 125.26576pt.

<figures/FixedByMe/3DmodelTRD-FKB.png, id=224, 1013.7875pt x 649.42625pt>
File: figures/FixedByMe/3DmodelTRD-FKB.png Graphic file (type png)

<use figures/FixedByMe/3DmodelTRD-FKB.png>
Package pdftex.def Info: figures/FixedByMe/3DmodelTRD-FKB.png used on input lin
e 90.
(pdftex.def)             Requested size: 405.50783pt x 259.7659pt.
 [3

 <./figures/FixedByMe/3DmodellTRD.png>] (./generalOSM.tex [4 <./figures/FixedBy
Me/3DmodelTRD-FKB.png>]
Chapter 3.

Overfull \hbox (56.62225pt too wide) in paragraph at lines 1--1
|[]\T1/cmr/bx/n/24.88 Characteristics of Open Street Map| 
 []


LaTeX Warning: Reference `sec:weber' on page 5 undefined on input line 4.


Overfull \hbox (9.22789pt too wide) in paragraph at lines 4--5
\T1/cmr/m/n/12 Ge-o-graphic In-for-ma-tion on the Internet[[]]. Un-til re-cent 
the map-ping
 []


Overfull \hbox (12.9627pt too wide) in paragraph at lines 6--7
\T1/cmr/m/n/12 edit the data us-ing one of the free and avail-able OSM ed-i-tor
s [[]]. 
 []


Overfull \hbox (23.82191pt too wide) in paragraph at lines 8--9
\T1/cmr/m/n/12 data vol-ume, high cur-rency, large quan-tity of in-for-ma-tion 
and low cost [[]].
 []


Overfull \hbox (6.72345pt too wide) in paragraph at lines 14--15
\T1/cmr/m/n/12 doc-u-ments a re-la-tion be-tween two or more com-po-nents [[]].

 []

[5

]
Overfull \hbox (50.96268pt too wide) in paragraph at lines 19--20
[]\T1/cmr/m/n/12 In OSM, changes made by one user over a short pe-riod is calle
d a change-set [[]].
 []

[6]
Overfull \hbox (7.30418pt too wide) in paragraph at lines 25--26
[]\T1/cmr/m/n/12 A per-son can con-tribute to the OSM project with-out be-ing a
 mem-ber of the foun-da-tion.
 []


Overfull \hbox (5.6801pt too wide) in paragraph at lines 25--26
\T1/cmr/m/it/12 in-tended to al-low users to freely share, mod-ify, and use thi
s Database while main-tain-ing
 []


Overfull \hbox (31.75336pt too wide) in paragraph at lines 27--28
\T1/cmr/m/n/12 de-scribed as broad-cast com-mu-ni-ca-tion in the Gutwin pa-per 
from 2004 [[]].
 []

[7] (/usr/local/texlive/2016/texmf-dist/tex/latex/listings/lstlang1.sty
File: lstlang1.sty 2015/06/04 1.6 listings language file
)
(/usr/local/texlive/2016/texmf-dist/tex/latex/listings/lstmisc.sty
File: lstmisc.sty 2015/06/04 1.6 (Carsten Heinz)
)
Package hyperref Info: bookmark level for unknown lstlisting defaults to 0 on i
nput line 40.

Overfull \hbox (63.37917pt too wide) in paragraph at lines 41--42
[][][][][][][][][][][][][][][][][][][][][][][][][][][][][][] 
 []


Overfull \hbox (42.23415pt too wide) in paragraph at lines 42--43
[][][][][][][][][][][][][][][][][][][][][][][][] 
 []

[8]
Overfull \hbox (42.23415pt too wide) in paragraph at lines 58--59
[][][][][][][][][][][][][][][][][][][][][][][][][][][][][][] 
 []


Overfull \hbox (49.28249pt too wide) in paragraph at lines 59--60
[][][][][][][][][][][][][][][][][][][][][][][][][] 
 []

[9] <figures/FixedByMe/fruekirke2D.png, id=345, 552.0625pt x 227.85126pt>
File: figures/FixedByMe/fruekirke2D.png Graphic file (type png)

<use figures/FixedByMe/fruekirke2D.png>
Package pdftex.def Info: figures/FixedByMe/fruekirke2D.png used on input line 1
01.
(pdftex.def)             Requested size: 276.03056pt x 113.92534pt.

Overfull \hbox (20.38055pt too wide) in paragraph at lines 106--107
\T1/cmr/m/n/12 [[]]. If a build-ing con-sists of mul-ti-ple parts, tagged with 
build-ing:part=*,
 []


Overfull \hbox (70.4275pt too wide) in paragraph at lines 115--116
[][][][][][][][][][][][][][][][][][][][][][][][][][][][][][] 
 []


Overfull \hbox (49.28249pt too wide) in paragraph at lines 116--117
[][][][][][][][][][][][][][][][][][][][][][][][][] 
 []

[10 <./figures/FixedByMe/fruekirke2D.png>]
<figures/FixedByMe/fruekirke.png, id=369, 466.74374pt x 339.2675pt>
File: figures/FixedByMe/fruekirke.png Graphic file (type png)

<use figures/FixedByMe/fruekirke.png>
Package pdftex.def Info: figures/FixedByMe/fruekirke.png used on input line 132
.
(pdftex.def)             Requested size: 233.37129pt x 169.63333pt.
 [11 <./figures/FixedByMe/fruekirke.png>]
Overfull \hbox (56.33083pt too wide) in paragraph at lines 150--151
[][][][][][][][][][][][][][][][][][][][][][][][][][][][][][] 
 []


Overfull \hbox (49.28249pt too wide) in paragraph at lines 151--152
[][][][][][][][][][][][][][][][][][][][][][][][][] 
 []

[12] <figures/FixedByMe/nidaros3D.png, id=417, 299.1175pt x 295.1025pt>
File: figures/FixedByMe/nidaros3D.png Graphic file (type png)

<use figures/FixedByMe/nidaros3D.png>
Package pdftex.def Info: figures/FixedByMe/nidaros3D.png used on input line 175
.
(pdftex.def)             Requested size: 149.55838pt x 147.55087pt.
) (./fkbchapter.tex [13 <./figures/FixedByMe/nidaros3D.png>]
Chapter 4.

Overfull \hbox (1.16791pt too wide) in paragraph at lines 6--7
\T1/cmr/m/n/12 The na-tional stan-dard for geo-data in Nor-way is called SOSI, 
cre-ated by the Nor-we-gian
 []

[14

] [15] [16]
Overfull \hbox (15.61008pt too wide) in paragraph at lines 38--39
\T1/cmr/m/n/12 (\T1/cmr/m/it/12 bygn-ingsav-gren-sning\T1/cmr/m/n/12 ), de-scri
p-tive build-ing lines, build-ing ap-pendage (\T1/cmr/m/it/12 bygn-ingsved-heng
\T1/cmr/m/n/12 )
 []

<figures/kurve_4tak_fkb.png, id=470, 548.0475pt x 345.29pt>
File: figures/kurve_4tak_fkb.png Graphic file (type png)

<use figures/kurve_4tak_fkb.png>
Package pdftex.def Info: figures/kurve_4tak_fkb.png used on input line 47.
(pdftex.def)             Requested size: 274.02307pt x 172.64456pt.
 [17]
<figures/kurve_4tak_fkb2.png, id=479, 583.17876pt x 320.19624pt>
File: figures/kurve_4tak_fkb2.png Graphic file (type png)

<use figures/kurve_4tak_fkb2.png>
Package pdftex.def Info: figures/kurve_4tak_fkb2.png used on input line 56.
(pdftex.def)             Requested size: 291.58867pt x 160.09772pt.

Overfull \hbox (24.11508pt too wide) in paragraph at lines 61--62
[]\T1/cmr/m/n/12 Fourth most com-mon line fea-ture in Trond-heim is roof over-h
ang bot-tom (\T1/cmr/m/it/12 Tak-Sprang-Bunn\T1/cmr/m/n/12 )
 []

[18 <./figures/kurve_4tak_fkb.png> <./figures/kurve_4tak_fkb2.png>]
<figures/FixedByMe/kurve_3fkb_tak.png, id=493, 527.9725pt x 405.515pt>
File: figures/FixedByMe/kurve_3fkb_tak.png Graphic file (type png)

<use figures/FixedByMe/kurve_3fkb_tak.png>
Package pdftex.def Info: figures/FixedByMe/kurve_3fkb_tak.png used on input lin
e 65.
(pdftex.def)             Requested size: 211.18526pt x 162.20311pt.

<figures/veranda_fkb.png, id=496, 950.55125pt x 441.65pt>
File: figures/veranda_fkb.png Graphic file (type png)

<use figures/veranda_fkb.png>
Package pdftex.def Info: figures/veranda_fkb.png used on input line 74.
(pdftex.def)             Requested size: 380.21376pt x 176.65686pt.

Underfull \hbox (badness 1132) in paragraph at lines 75--75
[]\T1/cmr/m/n/12 Figure 4.4: []Roof edge (red), roof over-hang (blue) and ve-ra
nda (turquoise)
 []

[19 <./figures/FixedByMe/kurve_3fkb_tak.png>]
Overfull \hbox (20.12796pt too wide) in paragraph at lines 84--85
\T1/cmr/m/n/12 that are com-pletely ac-cu-rate. The build-ings will al-ways be 
sub-ject to some gen-er-al-iza-tion.
 []

[20 <./figures/veranda_fkb.png>]

LaTeX Warning: Reference `eq:roofedge' on page 21 undefined on input line 115.

[21] [22] <figures/FixedByMe/sosiArea.png, id=586, 160.6pt x 140.525pt>
File: figures/FixedByMe/sosiArea.png Graphic file (type png)

<use figures/FixedByMe/sosiArea.png>
Package pdftex.def Info: figures/FixedByMe/sosiArea.png used on input line 203.

(pdftex.def)             Requested size: 144.53865pt x 126.47131pt.
 [23]) (./microtasking.tex [24 <./figures/FixedByMe/sosiArea.png>]
Chapter 5.

Overfull \hbox (4.35611pt too wide) in paragraph at lines 7--8
\T1/cmr/m/n/12 After the Haiti earth-quake in 2010 Hu-man-i-tar-ian Open-Street
Map (HOT) was for-mally
 []


Overfull \hbox (11.74295pt too wide) in paragraph at lines 7--8
\T1/cmr/m/n/12 through pub-lic lists, real-time chat (IRC) dis-cus-sion and a w
iki page [[]].
 []


Overfull \hbox (5.89668pt too wide) in paragraph at lines 12--13
\T1/cmr/m/n/12 who can per-form the tasks [[]]. Strengths of us-ing micro-tasks

 []


Overfull \hbox (27.80298pt too wide) in paragraph at lines 12--13
\T1/cmr/m/n/12 are, among oth-ers, flex-i-bil-ity and con-ve-nience for the map
-pers [[]].
 []

[25

] [26]
<figures/FixedByMe/taskingmanager.png, id=647, 882.29625pt x 619.31375pt>
File: figures/FixedByMe/taskingmanager.png Graphic file (type png)

<use figures/FixedByMe/taskingmanager.png>
Package pdftex.def Info: figures/FixedByMe/taskingmanager.png used on input lin
e 19.
(pdftex.def)             Requested size: 264.69092pt x 185.79555pt.

<figures/FixedByMe/taskingman2.png, id=649, 950.55125pt x 762.85pt>
File: figures/FixedByMe/taskingman2.png Graphic file (type png)

<use figures/FixedByMe/taskingman2.png>
Package pdftex.def Info: figures/FixedByMe/taskingman2.png used on input line 2
8.
(pdftex.def)             Requested size: 285.16757pt x 228.85677pt.

Underfull \hbox (badness 10000) in paragraph at lines 29--29
[]\T1/cmr/m/n/12 Figure 5.2: []Project 2 0- South-east - LABuild-ings Im-port, 
source:
 []

[27 <./figures/FixedByMe/taskingmanager.png>]) (./ImportMethods.tex [28 <./figu
res/FixedByMe/taskingman2.png>] [29]
Chapter 6.

Overfull \hbox (26.5977pt too wide) in paragraph at lines 8--9
\T1/cmr/m/n/12 Bulk im-port is the pro-cess of up-load-ing ex-ter-nal data and 
was meant for ini-tial/pre-lim-i-nary
 []


Overfull \hbox (35.31226pt too wide) in paragraph at lines 8--9
\T1/cmr/m/n/12 ob-ject class up-loads, so only if the ob-ject were none ex-ist-
ing in the area [[]].
 []

[30

] [31]
Overfull \hbox (5.31688pt too wide) in paragraph at lines 29--30
\T1/cmr/m/n/12 Fully au-to-matic im-port of huge amounts of data is dis-cour-ag
ed in the OSM com-mu-nity,
 []


Overfull \hbox (38.50603pt too wide) in paragraph at lines 29--30
\T1/cmr/m/n/12 change-set con-tained from five thou-sand to twenty thou-sand el
-e-ments [[]].
 []

[32] [33] [34]

LaTeX Warning: Citation `Sambale2016s' on page 35 undefined on input line 49.


LaTeX Warning: Citation `HOT' on page 35 undefined on input line 53.

[35]) (./suggestedmethod.tex [36] [37]
Chapter 7.
[38

] [39]
Overfull \hbox (3.42447pt too wide) in paragraph at lines 86--87
\T1/cmr/m/n/12 with in-ter-est in 3D map-ping started in March 2012 to unite al
l the sep-a-rated ap-praches
 []

) (./openstreetmap.bbl [40] [41]
Underfull \hbox (badness 10000) in paragraph at lines 4--8
[]\T1/cmr/m/n/12 Barth, A. (2014a).  [Imports-us]
 []


Underfull \hbox (badness 10000) in paragraph at lines 4--8
\T1/cmr/m/n/12 Restart-ing NYC build-ing and ad-dress im-ports.
 []


Overfull \hbox (8.45604pt too wide) in paragraph at lines 4--8
\T1/cmr/m/n/12 https://lists.openstreetmap.org/pipermail/imports-us/2014-Februa
ry/000521.html. 
 []


Underfull \hbox (badness 3701) in paragraph at lines 10--14
[]\T1/cmr/m/n/12 Barth, A. (2014b).  Open-StreetMap | lxbarth sin dag-bok
 []


Underfull \hbox (badness 10000) in paragraph at lines 10--14
\T1/cmr/m/n/12 | Im-port-ing 1 mil-lion New York City build-ings and ad-dresses
.
 []


Underfull \hbox (badness 2205) in paragraph at lines 27--31
[]\T1/cmr/m/n/12 Bishop, D. (2007).  [OSM-talk] TIGER, which states next?
 []


Underfull \hbox (badness 3312) in paragraph at lines 33--36
[]\T1/cmr/m/n/12 Chilton, S., Build-ing, F., and Bur-roughs, T. (2009).
 []


Underfull \hbox (badness 10000) in paragraph at lines 33--36
\T1/cmr/m/n/12 CROWD-SOURC-ING IS RAD-I-CALLY CHANG-ING THE GEO-DATA
 []


Underfull \hbox (badness 10000) in paragraph at lines 38--41
[]\T1/cmr/m/n/12 community Open-StreetMap.  El-e-ments -
 []


Underfull \hbox (badness 10000) in paragraph at lines 49--52
[]\T1/cmr/m/n/12 edits Open-StreetMap, A.  Au-to-mated ed-its -
 []

[42

]
Underfull \hbox (badness 10000) in paragraph at lines 54--58
[]\T1/cmr/m/n/12 Exel van, M. (2010).  Data Im-ports In
 []


Underfull \hbox (badness 10000) in paragraph at lines 54--58
\T1/cmr/m/n/12 Open-StreetMap ^^U Love `Em Or Loathe `Em? | oe-geo.
 []


Underfull \hbox (badness 10000) in paragraph at lines 66--71
[]\T1/cmr/m/n/12 Freyfogle, E. (2016).  OpenCage Data Blog
 []


Underfull \hbox (badness 10000) in paragraph at lines 66--71
\T1/cmr/m/n/12 ^^V Open Geo in-ter-view - the mak-ers of Week-lyOSM.
 []


Overfull \hbox (78.9084pt too wide) in paragraph at lines 66--71
\T1/cmr/m/n/12 http://blog.opencagedata.com/post/145261049883/open-geo-intervie
w-the-makers-of-weeklyosm. 
 []


Underfull \hbox (badness 10000) in paragraph at lines 73--76
[]\T1/cmr/m/n/12 Gnonthgol (2013).  [NUUG kart] sosi2osm.
 []


Underfull \hbox (badness 10000) in paragraph at lines 83--86
[]\T1/cmr/m/n/12 Hagen, S. O. (2014).  Re: [NUUG kart] Møs-vatn.
 []


Overfull \hbox (47.65668pt too wide) in paragraph at lines 88--92
\T1/cmr/m/n/12 sug-ges-tions).  https://lists.openstreetmap.org/pipermail/talk/
2007-November/019880.html. 
 []


Underfull \hbox (badness 10000) in paragraph at lines 94--98
[]\T1/cmr/m/n/12 Hansen, D. (2007b).  [OSM-talk]
 []


Underfull \hbox (badness 10000) in paragraph at lines 94--98
\T1/cmr/m/n/12 TIGER up-load queue (maps of en-tire US).
 []


Underfull \hbox (badness 10000) in paragraph at lines 100--104
[]\T1/cmr/m/n/12 Hansen, D. (2007c).  [OSM-talk]
 []


Underfull \hbox (badness 10000) in paragraph at lines 100--104
\T1/cmr/m/n/12 TIGER up-load queue (maps of en-tire US).
 []


Underfull \hbox (badness 1540) in paragraph at lines 106--110
[]\T1/cmr/m/n/12 HOT Task-ing Man-ager (2016).  HOT Task-ing
 []


Underfull \hbox (badness 10000) in paragraph at lines 112--115
[]\T1/cmr/m/n/12 Jørgenrud, M. (2013).  Kart-skatt til alle - Digi.no.
 []


Underfull \hbox (badness 10000) in paragraph at lines 117--121
[]\T1/cmr/m/n/12 Kartverket.  Om Geovekst-samarbeidet | Kartver-ket.
 []


Underfull \hbox (badness 10000) in paragraph at lines 123--126
[]\T1/cmr/m/n/12 Kartverket.  SOSI | Kartver-ket.
 []

[43]
Underfull \hbox (badness 1502) in paragraph at lines 128--131
[]\T1/cmr/m/n/12 Kartverket (2006).  SOSI stan-dard -versjon 4.0 1 Del 1:
 []


Overfull \hbox (189.75346pt too wide) in paragraph at lines 146--150
\T1/cmr/m/n/12 http://www.kartverket.no/Prosjekter/Sentral-felles-kartdatabase/
sentral-lagring-av-fkb-data--innforing-i-kommunene/. 
 []


Underfull \hbox (badness 10000) in paragraph at lines 152--156
[]\T1/cmr/m/n/12 Kartverket (2016b).  SOSI-standard del 2 Generell
 []


Overfull \hbox (77.61606pt too wide) in paragraph at lines 152--156
\T1/cmr/m/n/12 ob-jek-tkat-a-log.  http://www.kartverket.no/geodataarbeid/stand
arder/sosi/sosi-standarden-del-2/. 
 []


Underfull \hbox (badness 5147) in paragraph at lines 158--162
[]\T1/cmr/m/n/12 Kartverket, S.-s.  Bygn-ingstype - Geonorge ob-jek-treg-is-ter
.
 []


Overfull \hbox (186.91385pt too wide) in paragraph at lines 158--162
\T1/cmr/m/n/12 https://objektkatalog.geonorge.no/Objekttype/Index/EAID_-7C26808
9_-ED2E_-494b_-9982_-FD19A55B8F07#/uml. 
 []


Underfull \hbox (badness 10000) in paragraph at lines 164--168
[]\T1/cmr/m/n/12 Kartverket, S.-s.  TreD-Nivå - Geonorge ob-jek-treg-is-ter.
 []


Overfull \hbox (166.50078pt too wide) in paragraph at lines 164--168
\T1/cmr/m/n/12 https://objektkatalog.geonorge.no/Objekttype/Index/EAID_-1DA8CD1
0_-FAF4_-4d0f_-A46B_-BB5D8ACF13E9. 
 []


Underfull \hbox (badness 10000) in paragraph at lines 170--174
[]\T1/cmr/m/n/12 Kartverket, S.-s.  Ve-randa - Geonorge ob-jek-treg-is-ter.
 []


Overfull \hbox (166.17862pt too wide) in paragraph at lines 170--174
\T1/cmr/m/n/12 https://objektkatalog.geonorge.no/Objekttype/Index/EAID_-3C31BCF
A_-6CE5_-4af1_-BB76_-F7D2CAFD8FA8. 
 []


Underfull \hbox (badness 10000) in paragraph at lines 185--189
[]\T1/cmr/m/n/12 Lidman, A. (2014).  ICCM and
 []


Underfull \hbox (badness 10000) in paragraph at lines 185--189
\T1/cmr/m/n/12 micro-tasking tools in Open-StreetMap | Map-box.
 []


Overfull \hbox (43.92805pt too wide) in paragraph at lines 196--200
\T1/cmr/m/n/12 http://stateofthemap.us/2015/less-bots-more-humans-using-maproul
ette-to-import-data/. 
 []

[44]
Underfull \hbox (badness 10000) in paragraph at lines 207--212
[]\T1/cmr/m/n/12 Mehus, T. (2014).  [Im-ports] N50 im-ports
 []


Underfull \hbox (badness 10000) in paragraph at lines 207--212
\T1/cmr/m/n/12 from Kartver-ket (The Nor-we-gian Map-ping Au-thor-ity).
 []


Overfull \hbox (34.43445pt too wide) in paragraph at lines 214--218
\T1/cmr/m/n/12 states next?  https://lists.openstreetmap.org/pipermail/talk/200
7-October/019231.html. 
 []


Underfull \hbox (badness 10000) in paragraph at lines 242--246
[]\T1/cmr/m/n/12 OpenStreetMap, C.  Au-to-mated
 []


Underfull \hbox (badness 10000) in paragraph at lines 242--246
\T1/cmr/m/n/12 Ed-its code of con-duct - Open-StreetMap Wiki.
 []


Underfull \hbox (badness 1990) in paragraph at lines 253--256
[]\T1/cmr/m/n/12 OpenStreetMap, C.  Change-set - Open-StreetMap Wiki.
 []


Underfull \hbox (badness 10000) in paragraph at lines 263--266
[]\T1/cmr/m/n/12 OpenStreetMap, C.  Node - Open-StreetMap Wiki.
 []


Underfull \hbox (badness 4072) in paragraph at lines 268--271
[]\T1/cmr/m/n/12 OpenStreetMap, C.  Re-la-tion - Open-StreetMap Wiki.
 []


Underfull \hbox (badness 10000) in paragraph at lines 278--281
[]\T1/cmr/m/n/12 OpenStreetMap, C.  Way - Open-StreetMap Wiki.
 []

[45]
Underfull \hbox (badness 10000) in paragraph at lines 293--297
[]\T1/cmr/m/n/12 OpenStreetMap, C. (2014).
 []


Underfull \hbox (badness 10000) in paragraph at lines 293--297
\T1/cmr/m/n/12 Im-port/-Cat-a-logue/N50 im-port (Nor-way) - Open-StreetMap Wiki
.
 []


Underfull \hbox (badness 2698) in paragraph at lines 299--301
[]\T1/cmr/m/n/12 OpenStreetMap, C. (2016).  Sim-ple 3D build-ings -
 []


Underfull \hbox (badness 7613) in paragraph at lines 308--311
[]\T1/cmr/m/n/12 OpenStreetMap, I.  Im-port - Open-StreetMap Wiki.
 []


Underfull \hbox (badness 10000) in paragraph at lines 318--321
[]\T1/cmr/m/n/12 OSMF.  About | Open-StreetMap Blog.
 []


Underfull \hbox (badness 10000) in paragraph at lines 338--342
[]\T1/cmr/m/n/12 Reiter, M. and Bar-roso, L. (2016).
 []


Underfull \hbox (badness 10000) in paragraph at lines 338--342
\T1/cmr/m/n/12 Week-lyOSM: Why, how, what, where and where we go.
 []


Overfull \hbox (39.35986pt too wide) in paragraph at lines 338--342
\T1/cmr/m/n/12 http://2016.stateofthemap.org/2016/weeklyosm-why-how-what-where-
and-where-we-go/. 
 []

[46]
Underfull \hbox (badness 5847) in paragraph at lines 363--366
[]\T1/cmr/m/n/12 Solhagen (2015).  User:Solhagen - Open-StreetMap Wiki.
 []


Underfull \hbox (badness 10000) in paragraph at lines 368--370
[]\T1/cmr/m/n/12 SOSI-sekretariatet.  Bygn-ingstype-Kode - Geonorge
 []


Underfull \hbox (badness 10000) in paragraph at lines 383--388
[]\T1/cmr/m/n/12 Willis, N. (2007).  Open-StreetMap project im-ports US
 []


Underfull \hbox (badness 10000) in paragraph at lines 383--388
\T1/cmr/m/n/12 gov-ern-ment maps | Linux.com | The source for Linux in-for-ma-t
ion.
 []


Overfull \hbox (10.25291pt too wide) in paragraph at lines 383--388
\T1/cmr/m/n/12 https://www.linux.com/news/openstreetmap-project-imports-us-gove
rnment-maps. 
 []


Overfull \hbox (74.86214pt too wide) in paragraph at lines 390--395
\T1/cmr/m/n/12 https://www.linux.com/news/openstreetmap-project-completes-impor
t-united-states-tiger-data. 
 []

) [47]
Chapter 8.

Underfull \hbox (badness 10000) in paragraph at lines 145--146

 []

LaTeX Font Info:    Try loading font information for OMS+cmr on input line 149.

(/usr/local/texlive/2016/texmf-dist/tex/latex/base/omscmr.fd
File: omscmr.fd 2014/09/29 v2.5h Standard LaTeX font definitions
)
LaTeX Font Info:    Font shape `OMS/cmr/m/n' in size <12> not available
(Font)              Font shape `OMS/cmsy/m/n' tried instead on input line 149.
Package atveryend Info: Empty hook `BeforeClearDocument' on input line 166.
 [48

]
Package atveryend Info: Empty hook `AfterLastShipout' on input line 166.

(./openstreetmap.aux)
Package atveryend Info: Executing hook `AtVeryEndDocument' on input line 166.
Package atveryend Info: Executing hook `AtEndAfterFileList' on input line 166.
Package rerunfilecheck Info: File `openstreetmap.out' has not changed.
(rerunfilecheck)             Checksum: 43686EDF8B8097E697926B0807688D13;1973.


LaTeX Warning: There were undefined references.

Package atveryend Info: Empty hook `AtVeryVeryEnd' on input line 166.
 ) 
Here is how much of TeX's memory you used:
 9257 strings out of 493014
 131004 string characters out of 6133351
 259457 words of memory out of 5000000
 12273 multiletter control sequences out of 15000+600000
 17739 words of font info for 52 fonts, out of 8000000 for 9000
 1141 hyphenation exceptions out of 8191
 29i,7n,49p,1964b,1789s stack positions out of 5000i,500n,10000p,200000b,80000s
{/usr/local/texlive/2016/texmf-dist/fonts/enc/dvips/cm-super/cm-super-t1.enc}
</usr/local/texlive/2016/texmf-dist/fonts/type1/public/amsfonts/cm/cmsy10.pfb><
/usr/local/texlive/2016/texmf-dist/fonts/type1/public/cm-super/sfbx1200.pfb></u
sr/local/texlive/2016/texmf-dist/fonts/type1/public/cm-super/sfbx1728.pfb></usr
/local/texlive/2016/texmf-dist/fonts/type1/public/cm-super/sfbx2488.pfb></usr/l
ocal/texlive/2016/texmf-dist/fonts/type1/public/cm-super/sfrm1200.pfb></usr/loc
al/texlive/2016/texmf-dist/fonts/type1/public/cm-super/sfrm1440.pfb></usr/local
/texlive/2016/texmf-dist/fonts/type1/public/cm-super/sfrm2074.pfb></usr/local/t
exlive/2016/texmf-dist/fonts/type1/public/cm-super/sfti1200.pfb>
Output written on openstreetmap.pdf (52 pages, 2220638 bytes).
PDF statistics:
 1003 PDF objects out of 1200 (max. 8388607)
 904 compressed objects within 10 object streams
 368 named destinations out of 1000 (max. 500000)
 309 words of extra memory for PDF output out of 10000 (max. 10000000)

