\BOOKMARK [1][-]{chapter*.2}{List of Figures}{}% 1
\BOOKMARK [1][-]{chapter*.3}{List of Tables}{}% 2
\BOOKMARK [0][-]{chapter.1}{Introduction}{}% 3
\BOOKMARK [0][-]{chapter.2}{Characteristics of Open Street Map}{}% 4
\BOOKMARK [1][-]{subsection.2.0.1}{Introduction}{chapter.2}% 5
\BOOKMARK [2][-]{subsection.2.0.2}{Culture}{subsection.2.0.1}% 6
\BOOKMARK [2][-]{subsection.2.0.3}{Structure}{subsection.2.0.1}% 7
\BOOKMARK [2][-]{subsection.2.0.4}{Organizational}{subsection.2.0.1}% 8
\BOOKMARK [2][-]{subsection.2.0.5}{File format, .osm files}{subsection.2.0.1}% 9
\BOOKMARK [0][-]{chapter.3}{Technical}{}% 10
\BOOKMARK [1][-]{subsection.3.0.1}{Existing libraries}{chapter.3}% 11
\BOOKMARK [0][-]{chapter.4}{OSM import methods}{}% 12
\BOOKMARK [1][-]{section.4.1}{Introduction}{chapter.4}% 13
\BOOKMARK [1][-]{section.4.2}{Fully automatic import script}{chapter.4}% 14
\BOOKMARK [1][-]{section.4.3}{Fully manually import based on tracing}{chapter.4}% 15
\BOOKMARK [1][-]{section.4.4}{Guided automatic import}{chapter.4}% 16
\BOOKMARK [1][-]{section.4.5}{Import based on microtasking \(LA-buildings methodolo\)}{chapter.4}% 17
\BOOKMARK [1][-]{section.4.6}{Evaluation}{chapter.4}% 18
\BOOKMARK [0][-]{chapter.5}{OSM comminity}{}% 19
\BOOKMARK [1][-]{subsection.5.0.1}{Communication}{chapter.5}% 20
\BOOKMARK [2][-]{subsection.5.0.2}{Motivation}{subsection.5.0.1}% 21
